C51 COMPILER V9.55   MAIN                                                                  05/05/2016 15:28:52 PAGE 1   


C51 COMPILER V9.55, COMPILATION OF MODULE MAIN
OBJECT MODULE PLACED IN .\Objects\main.obj
COMPILER INVOKED BY: C:\Keil_v5\C51\BIN\C51.EXE main.c OPTIMIZE(8,SPEED) BROWSE DEBUG OBJECTEXTEND PRINT(.\Listings\main
                    -.lst) TABS(2) OBJECT(.\Objects\main.obj)

line level    source

   1          #include <REG8253.H>
   2          #include "delay.h"
   3          #include "font5x8.h"
   4          #include "graphic.h"
   5          #include "KS0108.h"
   6          
   7          void main()
   8          {
   9   1      GLCD_Initalize();
  10   1      GLCD_ClearScreen(); 
  11   1      while(1)
  12   1          {
  13   2          GLCD_WriteString("ETIQ TECHNOLOGIES");
  14   2          Delay_ms(2000);
  15   2          GLCD_Circle(64, 32, 28);
  16   2          Delay_ms(2000);
  17   2          GLCD_ClearScreen();
  18   2          GLCD_Rectangle(30, 12, 70,40);
  19   2          Delay_ms(2000);
  20   2          GLCD_ClearScreen();
  21   2          }
  22   1        }
*** ERROR C249 IN LINE 22 OF main.c: 'DATA': SEGMENT TOO LARGE

C51 COMPILATION COMPLETE.  0 WARNING(S),  1 ERROR(S)
